{"ID":"598FF33E-E7FA-40FE-9784-BDC0E31E859F","NAME":"JOHN-0 IS EVEN","AT":1697637733312}
{"ID":"8970D6D2-B8F3-40FD-B78B-12013751FDEB","NAME":"JOHN-2 IS EVEN","AT":1697637733312}
{"ID":"1E4A489B-7C53-4EDD-84A4-922C3778E1DC","NAME":"JOHN-4 IS EVEN","AT":1697637733312}
{"ID":"70C1B449-ED02-4F58-84D9-A2E1E85176FE","NAME":"JOHN-6 IS EVEN","AT":1697637733312}
{"ID":"CBBD68E1-67D0-454F-95C0-BF301F88B462","NAME":"JOHN-8 IS EVEN","AT":1697637733312}
{"ID":"9F73EA4C-F6E1-4650-B207-57B46977A9CC","NAME":"JOHN-10 IS EVEN","AT":1697637733312}
{"ID":"C29918CB-7118-41CA-94E4-7AE59188BA8F","NAME":"JOHN-12 IS EVEN","AT":1697637733312}
{"ID":"E13CC749-C26E-45E1-9075-60BF069FE340","NAME":"JOHN-14 IS EVEN","AT":1697637733324}
{"ID":"6E80844D-5623-47EC-9F07-D7B35D2E57B1","NAME":"JOHN-16 IS EVEN","AT":1697637733324}
{"ID":"58854F13-555C-4AA2-A175-33F88324578B","NAME":"JOHN-18 IS EVEN","AT":1697637733324}
{"ID":"30C783BD-4FAA-4D6B-A5A9-1CF1922221CB","NAME":"JOHN-20 IS EVEN","AT":1697637733324}
{"ID":"80E95697-A212-4092-ADC8-DACA1FB466CE","NAME":"JOHN-22 IS EVEN","AT":1697637733324}
{"ID":"5895F284-B188-4C80-A066-5A16E3D2C27C","NAME":"JOHN-24 IS EVEN","AT":1697637733324}
{"ID":"ECD6AF84-A73A-4ED3-992D-AB5115CED3DF","NAME":"JOHN-26 IS EVEN","AT":1697637733324}
{"ID":"F8CD7F56-1A89-493F-A278-D3B56A6A8B94","NAME":"JOHN-28 IS EVEN","AT":1697637733324}
{"ID":"E5C4E69E-8DFE-46AB-865B-A8489E36A44F","NAME":"JOHN-30 IS EVEN","AT":1697637733324}
{"ID":"EF57941B-DF46-4381-A4B2-A3163B9D8706","NAME":"JOHN-32 IS EVEN","AT":1697637733324}
{"ID":"FF30356D-8E22-4764-81DC-37D980D891CD","NAME":"JOHN-34 IS EVEN","AT":1697637733324}
{"ID":"8B630894-33DC-4719-BC2C-98F13660FC03","NAME":"JOHN-36 IS EVEN","AT":1697637733324}
{"ID":"E5203E29-5997-43A0-85B2-E9C2E9B4DB24","NAME":"JOHN-38 IS EVEN","AT":1697637733324}
{"ID":"ED2F1D57-91BE-4C84-8C11-B858A850C520","NAME":"JOHN-40 IS EVEN","AT":1697637733324}
{"ID":"817B897F-2A45-4A70-AE16-C536BE7CF8FD","NAME":"JOHN-42 IS EVEN","AT":1697637733324}
{"ID":"8DB1F937-93F4-4538-8CCA-13960683B59B","NAME":"JOHN-44 IS EVEN","AT":1697637733324}
{"ID":"5D731E54-5F91-41DD-8585-DE8D5116D4F9","NAME":"JOHN-46 IS EVEN","AT":1697637733324}
{"ID":"EBDD91C2-C57A-4298-98A7-E496043B576A","NAME":"JOHN-48 IS EVEN","AT":1697637733324}
{"ID":"492937A7-EFC9-4DA9-A893-9C7655B3EEC4","NAME":"JOHN-50 IS EVEN","AT":1697637733324}
{"ID":"E8C1A606-C34B-498A-88A2-BA593C3C41B6","NAME":"JOHN-52 IS EVEN","AT":1697637733324}
{"ID":"9A441895-1EF4-4621-98FA-C35203FAF681","NAME":"JOHN-54 IS EVEN","AT":1697637733324}
{"ID":"569A5238-50E2-4349-BE0A-5063F73E654C","NAME":"JOHN-56 IS EVEN","AT":1697637733325}
{"ID":"49A0E2F5-9115-4F4A-8CE5-090C443C8593","NAME":"JOHN-58 IS EVEN","AT":1697637733325}
{"ID":"6C9D9C38-3C12-4C66-ADCF-257EA7BECF8F","NAME":"JOHN-60 IS EVEN","AT":1697637733325}
{"ID":"3794A89F-5AA5-45A2-A91B-4799F08755B3","NAME":"JOHN-62 IS EVEN","AT":1697637733325}
{"ID":"F3C8C675-9912-40B6-8315-D448492849B3","NAME":"JOHN-64 IS EVEN","AT":1697637733325}
{"ID":"D36BE2A4-EC9D-4EFA-892F-BDBE305E3E61","NAME":"JOHN-66 IS EVEN","AT":1697637733325}
{"ID":"6C81592A-C761-445C-B451-5B46D439B3B5","NAME":"JOHN-68 IS EVEN","AT":1697637733325}
{"ID":"F1F6904E-EDF3-4B3B-B353-5F3131E579FB","NAME":"JOHN-70 IS EVEN","AT":1697637733325}
{"ID":"15990436-BE93-4179-865A-F72A04D92ACF","NAME":"JOHN-72 IS EVEN","AT":1697637733325}
{"ID":"8DD9B47C-CAB4-4416-B7AA-386908F98F60","NAME":"JOHN-74 IS EVEN","AT":1697637733325}
{"ID":"B5C03B2B-E599-4033-AA62-3ABA4DCC58F2","NAME":"JOHN-76 IS EVEN","AT":1697637733325}
{"ID":"1D0F4EB2-4544-4731-B9B8-04AD502BDAC3","NAME":"JOHN-78 IS EVEN","AT":1697637733325}
{"ID":"D020D51B-49A9-4E7D-8F67-7CDEEB45012B","NAME":"JOHN-80 IS EVEN","AT":1697637733325}
{"ID":"EA9498DE-48B2-434A-A45A-460A70782BD5","NAME":"JOHN-82 IS EVEN","AT":1697637733325}
{"ID":"3A6CB04B-7190-4FE9-B520-34F6DC73B9F7","NAME":"JOHN-84 IS EVEN","AT":1697637733325}
{"ID":"C9318703-7699-4525-8ED9-663D3C73DB3F","NAME":"JOHN-86 IS EVEN","AT":1697637733325}
{"ID":"2776DCEA-5224-4874-8724-069A13044620","NAME":"JOHN-88 IS EVEN","AT":1697637733325}
{"ID":"82EA4DE0-A17A-44DC-A9B0-D46F26688F84","NAME":"JOHN-90 IS EVEN","AT":1697637733325}
{"ID":"CE5C1382-A214-4F37-9DDF-6BA18AB5B95B","NAME":"JOHN-92 IS EVEN","AT":1697637733325}
{"ID":"B9E70230-3147-452D-8C89-DD85B3E83A5C","NAME":"JOHN-94 IS EVEN","AT":1697637733325}
{"ID":"56CDB04D-38CE-4467-9E26-B14B0E42C314","NAME":"JOHN-96 IS EVEN","AT":1697637733325}
{"ID":"B5FCD384-CD35-44B8-A929-D545E1AC74A3","NAME":"JOHN-98 IS EVEN","AT":1697637733325}
